Running: C:\Xilinx\14.7\ISE_DS\ISE\bin\nt64\unwrapped\fuse.exe -intstyle ise -incremental -lib unisims_ver -lib unimacro_ver -lib xilinxcorelib_ver -o C:/Users/Guy/Documents/Verilog Projects/ImagineThinker/TEST_ALU_isim_beh.exe -prj C:/Users/Guy/Documents/Verilog Projects/ImagineThinker/TEST_ALU_beh.prj work.TEST_ALU work.glbl 
ISim P.20131013 (signature 0x7708f090)
Number of CPUs detected in this system: 4
Turning on mult-threading, number of parallel sub-compilation jobs: 8 
Determining compilation order of HDL files
Analyzing Verilog file "C:/Users/Guy/Documents/Verilog Projects/ImagineThinker/ALU.v" into library work
Analyzing Verilog file "C:/Users/Guy/Documents/Verilog Projects/ImagineThinker/TEST_ALU.v" into library work
Analyzing Verilog file "C:/Xilinx/14.7/ISE_DS/ISE//verilog/src/glbl.v" into library work
Starting static elaboration
WARNING:HDLCompiler:189 - "C:/Users/Guy/Documents/Verilog Projects/ImagineThinker/TEST_ALU.v" Line 65: Size mismatch in connection of port <Op>. Formal port size is 4-bit while actual signal size is 8-bit.
Completed static elaboration
Compiling module ALU
Compiling module TEST_ALU
Compiling module glbl
Time Resolution for simulation is 1ps.
Waiting for 1 sub-compilation(s) to finish...
Compiled 3 Verilog Units
Built simulation executable C:/Users/Guy/Documents/Verilog Projects/ImagineThinker/TEST_ALU_isim_beh.exe
Fuse Memory Usage: 28508 KB
Fuse CPU Usage: 578 ms
